c:\users\ilo\documents\github\cobraluadec\vcproj-5.3\debug\bin\lualib.pdb
c:\users\ilo\documents\github\cobraluadec\vcproj-5.3\debug\bin\lualib.idb
c:\users\ilo\documents\github\cobraluadec\vcproj-5.3\debug\obj\lualib\linit.obj
c:\users\ilo\documents\github\cobraluadec\vcproj-5.3\debug\obj\lualib\liolib.obj
c:\users\ilo\documents\github\cobraluadec\vcproj-5.3\debug\obj\lualib\llex.obj
c:\users\ilo\documents\github\cobraluadec\vcproj-5.3\debug\obj\lualib\lmathlib.obj
c:\users\ilo\documents\github\cobraluadec\vcproj-5.3\debug\obj\lualib\lmem.obj
c:\users\ilo\documents\github\cobraluadec\vcproj-5.3\debug\obj\lualib\loadlib.obj
c:\users\ilo\documents\github\cobraluadec\vcproj-5.3\debug\obj\lualib\lobject.obj
c:\users\ilo\documents\github\cobraluadec\vcproj-5.3\debug\obj\lualib\lopcodes.obj
c:\users\ilo\documents\github\cobraluadec\vcproj-5.3\debug\obj\lualib\loslib.obj
c:\users\ilo\documents\github\cobraluadec\vcproj-5.3\debug\obj\lualib\lparser.obj
c:\users\ilo\documents\github\cobraluadec\vcproj-5.3\debug\obj\lualib\lstate.obj
c:\users\ilo\documents\github\cobraluadec\vcproj-5.3\debug\obj\lualib\lstring.obj
c:\users\ilo\documents\github\cobraluadec\vcproj-5.3\debug\obj\lualib\lstrlib.obj
c:\users\ilo\documents\github\cobraluadec\vcproj-5.3\debug\obj\lualib\ltable.obj
c:\users\ilo\documents\github\cobraluadec\vcproj-5.3\debug\obj\lualib\ltablib.obj
c:\users\ilo\documents\github\cobraluadec\vcproj-5.3\debug\obj\lualib\ltm.obj
c:\users\ilo\documents\github\cobraluadec\vcproj-5.3\debug\obj\lualib\lundump.obj
c:\users\ilo\documents\github\cobraluadec\vcproj-5.3\debug\obj\lualib\lutf8lib.obj
c:\users\ilo\documents\github\cobraluadec\vcproj-5.3\debug\obj\lualib\lvm.obj
c:\users\ilo\documents\github\cobraluadec\vcproj-5.3\debug\obj\lualib\lzio.obj
c:\users\ilo\documents\github\cobraluadec\vcproj-5.3\debug\obj\lualib\lapi.obj
c:\users\ilo\documents\github\cobraluadec\vcproj-5.3\debug\obj\lualib\lauxlib.obj
c:\users\ilo\documents\github\cobraluadec\vcproj-5.3\debug\obj\lualib\lbaselib.obj
c:\users\ilo\documents\github\cobraluadec\vcproj-5.3\debug\obj\lualib\lbitlib.obj
c:\users\ilo\documents\github\cobraluadec\vcproj-5.3\debug\obj\lualib\lcode.obj
c:\users\ilo\documents\github\cobraluadec\vcproj-5.3\debug\obj\lualib\lcorolib.obj
c:\users\ilo\documents\github\cobraluadec\vcproj-5.3\debug\obj\lualib\lctype.obj
c:\users\ilo\documents\github\cobraluadec\vcproj-5.3\debug\obj\lualib\ldblib.obj
c:\users\ilo\documents\github\cobraluadec\vcproj-5.3\debug\obj\lualib\ldebug.obj
c:\users\ilo\documents\github\cobraluadec\vcproj-5.3\debug\obj\lualib\ldo.obj
c:\users\ilo\documents\github\cobraluadec\vcproj-5.3\debug\obj\lualib\ldump.obj
c:\users\ilo\documents\github\cobraluadec\vcproj-5.3\debug\obj\lualib\lfunc.obj
c:\users\ilo\documents\github\cobraluadec\vcproj-5.3\debug\obj\lualib\lgc.obj
c:\users\ilo\documents\github\cobraluadec\vcproj-5.3\debug\bin\liblua53.lib
c:\users\ilo\documents\github\cobraluadec\vcproj-5.3\debug\obj\lualib\lualib.tlog\cl.command.1.tlog
c:\users\ilo\documents\github\cobraluadec\vcproj-5.3\debug\obj\lualib\lualib.tlog\cl.read.1.tlog
c:\users\ilo\documents\github\cobraluadec\vcproj-5.3\debug\obj\lualib\lualib.tlog\cl.write.1.tlog
c:\users\ilo\documents\github\cobraluadec\vcproj-5.3\debug\obj\lualib\lualib.tlog\lib-link.read.1.tlog
c:\users\ilo\documents\github\cobraluadec\vcproj-5.3\debug\obj\lualib\lualib.tlog\lib-link.write.1.tlog
c:\users\ilo\documents\github\cobraluadec\vcproj-5.3\debug\obj\lualib\lualib.tlog\lib.command.1.tlog
