cl : command line warning D9035: option 'Gm' has been deprecated and will be removed in a future release
  lzio.c
  lvm.c
  lutf8lib.c
  lundump.c
  ltm.c
  ltablib.c
  ltable.c
  lstrlib.c
  lstring.c
  lstate.c
  lparser.c
  loslib.c
  lopcodes.c
  lobject.c
  loadlib.c
  lmem.c
  lmathlib.c
  llex.c
  liolib.c
  linit.c
  Generating Code...
  Compiling...
  lgc.c
  lfunc.c
  ldump.c
C:\Users\ilo\Documents\GitHub\cobraluadec\lua-5.3\src\ldump.c(127,30): warning C4090: 'function': different 'const' qualifiers
  ldo.c
  ldebug.c
  ldblib.c
  lctype.c
  lcorolib.c
  lcode.c
  lbitlib.c
  lbaselib.c
  lauxlib.c
  lapi.c
  Generating Code...
C:\Program Files (x86)\Microsoft Visual Studio\2019\Community\MSBuild\Microsoft\VC\v160\Microsoft.CppBuild.targets(1545,5): warning MSB8012: TargetPath(C:\Users\ilo\Documents\GitHub\cobraluadec\vcproj-5.3\Debug\bin\lualib.lib) does not match the Library's OutputFile property value (C:\Users\ilo\Documents\GitHub\cobraluadec\vcproj-5.3\Debug\bin\liblua53.lib). This may cause your project to build incorrectly. To correct this, please make sure that $(OutDir), $(TargetName) and $(TargetExt) property values match the value specified in %(Lib.OutputFile).
C:\Program Files (x86)\Microsoft Visual Studio\2019\Community\MSBuild\Microsoft\VC\v160\Microsoft.CppBuild.targets(1547,5): warning MSB8012: TargetName(lualib) does not match the Library's OutputFile property value (liblua53). This may cause your project to build incorrectly. To correct this, please make sure that $(OutDir), $(TargetName) and $(TargetExt) property values match the value specified in %(Lib.OutputFile).
  lualib.vcxproj -> C:\Users\ilo\Documents\GitHub\cobraluadec\vcproj-5.3\Debug\bin\lualib.lib
