c:\users\ilo\documents\github\cobraluadec\vcproj-5.3\debug\obj\luadec\vc142.pdb
c:\users\ilo\documents\github\cobraluadec\vcproj-5.3\debug\obj\luadec\vc142.idb
c:\users\ilo\documents\github\cobraluadec\vcproj-5.3\debug\obj\luadec\decompile.obj
c:\users\ilo\documents\github\cobraluadec\vcproj-5.3\debug\obj\luadec\disassemble.obj
c:\users\ilo\documents\github\cobraluadec\vcproj-5.3\debug\obj\luadec\expression.obj
c:\users\ilo\documents\github\cobraluadec\vcproj-5.3\debug\obj\luadec\guess.obj
c:\users\ilo\documents\github\cobraluadec\vcproj-5.3\debug\obj\luadec\luadec.obj
c:\users\ilo\documents\github\cobraluadec\vcproj-5.3\debug\obj\luadec\macro-array.obj
c:\users\ilo\documents\github\cobraluadec\vcproj-5.3\debug\obj\luadec\proto.obj
c:\users\ilo\documents\github\cobraluadec\vcproj-5.3\debug\obj\luadec\statement.obj
c:\users\ilo\documents\github\cobraluadec\vcproj-5.3\debug\obj\luadec\stringbuffer.obj
c:\users\ilo\documents\github\cobraluadec\vcproj-5.3\debug\obj\luadec\structs.obj
c:\users\ilo\documents\github\cobraluadec\vcproj-5.3\debug\obj\luadec\luadec.ilk
c:\users\ilo\documents\github\cobraluadec\vcproj-5.3\debug\bin\luadec.exe
c:\users\ilo\documents\github\cobraluadec\vcproj-5.3\debug\bin\luadec.pdb
c:\users\ilo\documents\github\cobraluadec\vcproj-5.3\debug\obj\luadec\luadec.tlog\cl.command.1.tlog
c:\users\ilo\documents\github\cobraluadec\vcproj-5.3\debug\obj\luadec\luadec.tlog\cl.read.1.tlog
c:\users\ilo\documents\github\cobraluadec\vcproj-5.3\debug\obj\luadec\luadec.tlog\cl.write.1.tlog
c:\users\ilo\documents\github\cobraluadec\vcproj-5.3\debug\obj\luadec\luadec.tlog\link.command.1.tlog
c:\users\ilo\documents\github\cobraluadec\vcproj-5.3\debug\obj\luadec\luadec.tlog\link.read.1.tlog
c:\users\ilo\documents\github\cobraluadec\vcproj-5.3\debug\obj\luadec\luadec.tlog\link.write.1.tlog
