cl : command line warning D9035: option 'Gm' has been deprecated and will be removed in a future release
  lzio.c
  lvm.c
  lutf8lib.c
  lundump.c
  ltm.c
  ltablib.c
  ltable.c
  lstrlib.c
  lstring.c
  lstate.c
  lparser.c
  loslib.c
  lopcodes.c
  lobject.c
  loadlib.c
  lmem.c
  lmathlib.c
  llex.c
  liolib.c
  linit.c
  Generating Code...
  Compiling...
  lgc.c
  lfunc.c
  ldump.c
C:\Users\ilo\Documents\GitHub\cobraluadec\lua-5.3\src\ldump.c(127,30): warning C4090: 'function': different 'const' qualifiers
  ldo.c
  ldebug.c
  ldblib.c
  lctype.c
  lcorolib.c
  lcode.c
  lbitlib.c
  lbaselib.c
  lauxlib.c
  lapi.c
  Generating Code...
C:\Program Files (x86)\Microsoft Visual Studio\2019\Community\MSBuild\Microsoft\VC\v160\Microsoft.CppBuild.targets(1363,5): warning MSB8012: TargetPath(C:\Users\ilo\Documents\GitHub\cobraluadec\vcproj-5.3\Debug\bin\luadll.dll) does not match the Linker's OutputFile property value (C:\Users\ilo\Documents\GitHub\cobraluadec\vcproj-5.3\Debug\bin\lua53.dll). This may cause your project to build incorrectly. To correct this, please make sure that $(OutDir), $(TargetName) and $(TargetExt) property values match the value specified in %(Link.OutputFile).
C:\Program Files (x86)\Microsoft Visual Studio\2019\Community\MSBuild\Microsoft\VC\v160\Microsoft.CppBuild.targets(1365,5): warning MSB8012: TargetName(luadll) does not match the Linker's OutputFile property value (lua53). This may cause your project to build incorrectly. To correct this, please make sure that $(OutDir), $(TargetName) and $(TargetExt) property values match the value specified in %(Link.OutputFile).
lapi.obj : warning LNK4075: ignoring '/EDITANDCONTINUE' due to '/SAFESEH' specification
     Creating library C:\Users\ilo\Documents\GitHub\cobraluadec\vcproj-5.3\Debug\bin\lua53.lib and object C:\Users\ilo\Documents\GitHub\cobraluadec\vcproj-5.3\Debug\bin\lua53.exp
  luadll.vcxproj -> C:\Users\ilo\Documents\GitHub\cobraluadec\vcproj-5.3\Debug\bin\luadll.dll
