c:\users\ilo\documents\github\cobraluadec\vcproj-5.3\debug\obj\luadll\vc142.pdb
c:\users\ilo\documents\github\cobraluadec\vcproj-5.3\debug\obj\luadll\vc142.idb
c:\users\ilo\documents\github\cobraluadec\vcproj-5.3\debug\obj\luadll\linit.obj
c:\users\ilo\documents\github\cobraluadec\vcproj-5.3\debug\obj\luadll\liolib.obj
c:\users\ilo\documents\github\cobraluadec\vcproj-5.3\debug\obj\luadll\llex.obj
c:\users\ilo\documents\github\cobraluadec\vcproj-5.3\debug\obj\luadll\lmathlib.obj
c:\users\ilo\documents\github\cobraluadec\vcproj-5.3\debug\obj\luadll\lmem.obj
c:\users\ilo\documents\github\cobraluadec\vcproj-5.3\debug\obj\luadll\loadlib.obj
c:\users\ilo\documents\github\cobraluadec\vcproj-5.3\debug\obj\luadll\lobject.obj
c:\users\ilo\documents\github\cobraluadec\vcproj-5.3\debug\obj\luadll\lopcodes.obj
c:\users\ilo\documents\github\cobraluadec\vcproj-5.3\debug\obj\luadll\loslib.obj
c:\users\ilo\documents\github\cobraluadec\vcproj-5.3\debug\obj\luadll\lparser.obj
c:\users\ilo\documents\github\cobraluadec\vcproj-5.3\debug\obj\luadll\lstate.obj
c:\users\ilo\documents\github\cobraluadec\vcproj-5.3\debug\obj\luadll\lstring.obj
c:\users\ilo\documents\github\cobraluadec\vcproj-5.3\debug\obj\luadll\lstrlib.obj
c:\users\ilo\documents\github\cobraluadec\vcproj-5.3\debug\obj\luadll\ltable.obj
c:\users\ilo\documents\github\cobraluadec\vcproj-5.3\debug\obj\luadll\ltablib.obj
c:\users\ilo\documents\github\cobraluadec\vcproj-5.3\debug\obj\luadll\ltm.obj
c:\users\ilo\documents\github\cobraluadec\vcproj-5.3\debug\obj\luadll\lundump.obj
c:\users\ilo\documents\github\cobraluadec\vcproj-5.3\debug\obj\luadll\lutf8lib.obj
c:\users\ilo\documents\github\cobraluadec\vcproj-5.3\debug\obj\luadll\lvm.obj
c:\users\ilo\documents\github\cobraluadec\vcproj-5.3\debug\obj\luadll\lzio.obj
c:\users\ilo\documents\github\cobraluadec\vcproj-5.3\debug\obj\luadll\lapi.obj
c:\users\ilo\documents\github\cobraluadec\vcproj-5.3\debug\obj\luadll\lauxlib.obj
c:\users\ilo\documents\github\cobraluadec\vcproj-5.3\debug\obj\luadll\lbaselib.obj
c:\users\ilo\documents\github\cobraluadec\vcproj-5.3\debug\obj\luadll\lbitlib.obj
c:\users\ilo\documents\github\cobraluadec\vcproj-5.3\debug\obj\luadll\lcode.obj
c:\users\ilo\documents\github\cobraluadec\vcproj-5.3\debug\obj\luadll\lcorolib.obj
c:\users\ilo\documents\github\cobraluadec\vcproj-5.3\debug\obj\luadll\lctype.obj
c:\users\ilo\documents\github\cobraluadec\vcproj-5.3\debug\obj\luadll\ldblib.obj
c:\users\ilo\documents\github\cobraluadec\vcproj-5.3\debug\obj\luadll\ldebug.obj
c:\users\ilo\documents\github\cobraluadec\vcproj-5.3\debug\obj\luadll\ldo.obj
c:\users\ilo\documents\github\cobraluadec\vcproj-5.3\debug\obj\luadll\ldump.obj
c:\users\ilo\documents\github\cobraluadec\vcproj-5.3\debug\obj\luadll\lfunc.obj
c:\users\ilo\documents\github\cobraluadec\vcproj-5.3\debug\obj\luadll\lgc.obj
c:\users\ilo\documents\github\cobraluadec\vcproj-5.3\debug\obj\luadll\luadll.ilk
c:\users\ilo\documents\github\cobraluadec\vcproj-5.3\debug\bin\lua53.dll
c:\users\ilo\documents\github\cobraluadec\vcproj-5.3\debug\bin\lua53.pdb
c:\users\ilo\documents\github\cobraluadec\vcproj-5.3\debug\bin\lua53.lib
c:\users\ilo\documents\github\cobraluadec\vcproj-5.3\debug\bin\lua53.exp
c:\users\ilo\documents\github\cobraluadec\vcproj-5.3\debug\obj\luadll\luadll.tlog\cl.command.1.tlog
c:\users\ilo\documents\github\cobraluadec\vcproj-5.3\debug\obj\luadll\luadll.tlog\cl.read.1.tlog
c:\users\ilo\documents\github\cobraluadec\vcproj-5.3\debug\obj\luadll\luadll.tlog\cl.write.1.tlog
c:\users\ilo\documents\github\cobraluadec\vcproj-5.3\debug\obj\luadll\luadll.tlog\link.command.1.tlog
c:\users\ilo\documents\github\cobraluadec\vcproj-5.3\debug\obj\luadll\luadll.tlog\link.read.1.tlog
c:\users\ilo\documents\github\cobraluadec\vcproj-5.3\debug\obj\luadll\luadll.tlog\link.write.1.tlog
c:\users\ilo\documents\github\cobraluadec\vcproj-5.3\debug\obj\luadll\luadll.tlog\luadll.write.1u.tlog
